2022-06-03 14:12:20,964 WARN com.zaxxer.hikari.pool.HikariPool$HouseKeeper [HikariPool-1 housekeeper] HikariPool-1 - Thread starvation or clock leap detected (housekeeper delta=16h4m25s646ms141µs700ns).
2022-06-03 15:08:49,133 INFO org.springframework.boot.admin.SpringApplicationAdminMXBeanRegistrar$SpringApplicationAdmin [RMI TCP Connection(156)-127.0.0.1] Application shutdown requested.
2022-06-03 15:08:49,358 INFO org.springframework.orm.jpa.AbstractEntityManagerFactoryBean [RMI TCP Connection(156)-127.0.0.1] Closing JPA EntityManagerFactory for persistence unit 'default'
2022-06-03 15:08:49,399 INFO com.zaxxer.hikari.HikariDataSource [RMI TCP Connection(156)-127.0.0.1] HikariPool-1 - Shutdown initiated...
2022-06-03 15:08:49,412 INFO com.zaxxer.hikari.HikariDataSource [RMI TCP Connection(156)-127.0.0.1] HikariPool-1 - Shutdown completed.
2022-06-03 15:11:07,272 INFO org.springframework.boot.StartupInfoLogger [restartedMain] Starting EcommerceBackendApplication using Java 17.0.1 on DESKTOP-079M7PO with PID 11144 (C:\eCommerceProject\ecommerce-application\backend-springboot\ecommerce-backend\target\classes started by 2006s in C:\eCommerceProject\ecommerce-application\backend-springboot\ecommerce-backend)
2022-06-03 15:11:07,273 DEBUG org.springframework.boot.StartupInfoLogger [restartedMain] Running with Spring Boot v2.6.4, Spring v5.3.16
2022-06-03 15:11:07,273 INFO org.springframework.boot.SpringApplication [restartedMain] No active profile set, falling back to 1 default profile: "default"
2022-06-03 15:11:07,325 INFO org.springframework.boot.logging.DeferredLog [restartedMain] Devtools property defaults active! Set 'spring.devtools.add-properties' to 'false' to disable
2022-06-03 15:11:07,326 INFO org.springframework.boot.logging.DeferredLog [restartedMain] For additional web related logging consider setting the 'logging.level.web' property to 'DEBUG'
2022-06-03 15:11:08,375 INFO org.springframework.data.repository.config.RepositoryConfigurationDelegate [restartedMain] Bootstrapping Spring Data JPA repositories in DEFAULT mode.
2022-06-03 15:11:08,457 INFO org.springframework.data.repository.config.RepositoryConfigurationDelegate [restartedMain] Finished Spring Data repository scanning in 70 ms. Found 2 JPA repository interfaces.
2022-06-03 15:11:09,432 INFO org.springframework.boot.web.embedded.tomcat.TomcatWebServer [restartedMain] Tomcat initialized with port(s): 8080 (http)
2022-06-03 15:11:09,449 INFO org.apache.juli.logging.DirectJDKLog [restartedMain] Initializing ProtocolHandler ["http-nio-8080"]
2022-06-03 15:11:09,450 INFO org.apache.juli.logging.DirectJDKLog [restartedMain] Starting service [Tomcat]
2022-06-03 15:11:09,450 INFO org.apache.juli.logging.DirectJDKLog [restartedMain] Starting Servlet engine: [Apache Tomcat/9.0.58]
2022-06-03 15:11:09,555 INFO org.apache.juli.logging.DirectJDKLog [restartedMain] Initializing Spring embedded WebApplicationContext
2022-06-03 15:11:09,556 INFO org.springframework.boot.web.servlet.context.ServletWebServerApplicationContext [restartedMain] Root WebApplicationContext: initialization completed in 2229 ms
2022-06-03 15:11:09,937 INFO org.hibernate.jpa.internal.util.LogHelper [restartedMain] HHH000204: Processing PersistenceUnitInfo [name: default]
2022-06-03 15:11:10,035 INFO org.hibernate.Version [restartedMain] HHH000412: Hibernate ORM core version 5.6.5.Final
2022-06-03 15:11:10,292 INFO org.hibernate.annotations.common.reflection.java.JavaReflectionManager [restartedMain] HCANN000001: Hibernate Commons Annotations {5.1.2.Final}
2022-06-03 15:11:10,422 INFO com.zaxxer.hikari.HikariDataSource [restartedMain] HikariPool-1 - Starting...
2022-06-03 15:11:10,429 WARN com.zaxxer.hikari.util.DriverDataSource [restartedMain] Registered driver with driverClassName=com.mysql.jdbc.Driver was not found, trying direct instantiation.
2022-06-03 15:11:10,608 INFO com.zaxxer.hikari.HikariDataSource [restartedMain] HikariPool-1 - Start completed.
2022-06-03 15:11:10,635 INFO org.hibernate.dialect.Dialect [restartedMain] HHH000400: Using dialect: org.hibernate.dialect.MySQL5Dialect
2022-06-03 15:11:11,566 INFO org.hibernate.engine.transaction.jta.platform.internal.JtaPlatformInitiator [restartedMain] HHH000490: Using JtaPlatform implementation: [org.hibernate.engine.transaction.jta.platform.internal.NoJtaPlatform]
2022-06-03 15:11:11,575 INFO org.springframework.orm.jpa.AbstractEntityManagerFactoryBean [restartedMain] Initialized JPA EntityManagerFactory for persistence unit 'default'
2022-06-03 15:11:12,112 WARN org.springframework.boot.autoconfigure.orm.jpa.JpaBaseConfiguration$JpaWebConfiguration [restartedMain] spring.jpa.open-in-view is enabled by default. Therefore, database queries may be performed during view rendering. Explicitly configure spring.jpa.open-in-view to disable this warning
2022-06-03 15:11:13,377 INFO org.springframework.boot.devtools.autoconfigure.OptionalLiveReloadServer [restartedMain] LiveReload server is running on port 35729
2022-06-03 15:11:13,398 INFO org.apache.juli.logging.DirectJDKLog [restartedMain] Starting ProtocolHandler ["http-nio-8080"]
2022-06-03 15:11:13,485 INFO org.springframework.boot.web.embedded.tomcat.TomcatWebServer [restartedMain] Tomcat started on port(s): 8080 (http) with context path ''
2022-06-03 15:11:13,495 INFO org.springframework.boot.StartupInfoLogger [restartedMain] Started EcommerceBackendApplication in 6.648 seconds (JVM running for 7.776)
2022-06-03 15:16:32,663 INFO org.apache.juli.logging.DirectJDKLog [http-nio-8080-exec-1] Initializing Spring DispatcherServlet 'dispatcherServlet'
2022-06-03 15:16:32,664 INFO org.springframework.web.servlet.FrameworkServlet [http-nio-8080-exec-1] Initializing Servlet 'dispatcherServlet'
2022-06-03 15:16:32,665 INFO org.springframework.web.servlet.FrameworkServlet [http-nio-8080-exec-1] Completed initialization in 1 ms
2022-06-03 16:11:11,182 WARN com.zaxxer.hikari.pool.HikariPool$HouseKeeper [HikariPool-1 housekeeper] HikariPool-1 - Thread starvation or clock leap detected (housekeeper delta=38m4s228ms973µs200ns).
2022-06-03 16:34:18,010 INFO org.springframework.boot.admin.SpringApplicationAdminMXBeanRegistrar$SpringApplicationAdmin [RMI TCP Connection(51)-127.0.0.1] Application shutdown requested.
2022-06-03 16:34:18,145 INFO org.springframework.boot.admin.SpringApplicationAdminMXBeanRegistrar$SpringApplicationAdmin [RMI TCP Connection(52)-127.0.0.1] Application shutdown requested.
2022-06-03 16:34:18,279 INFO org.springframework.orm.jpa.AbstractEntityManagerFactoryBean [RMI TCP Connection(51)-127.0.0.1] Closing JPA EntityManagerFactory for persistence unit 'default'
2022-06-03 16:34:18,306 INFO com.zaxxer.hikari.HikariDataSource [RMI TCP Connection(51)-127.0.0.1] HikariPool-1 - Shutdown initiated...
2022-06-03 16:34:18,314 INFO com.zaxxer.hikari.HikariDataSource [RMI TCP Connection(51)-127.0.0.1] HikariPool-1 - Shutdown completed.
2022-06-03 16:34:29,592 INFO org.springframework.boot.StartupInfoLogger [restartedMain] Starting EcommerceBackendApplication using Java 17.0.1 on DESKTOP-079M7PO with PID 30364 (C:\eCommerceProject\ecommerce-application\backend-springboot\ecommerce-backend\target\classes started by 2006s in C:\eCommerceProject\ecommerce-application\backend-springboot\ecommerce-backend)
2022-06-03 16:34:29,593 DEBUG org.springframework.boot.StartupInfoLogger [restartedMain] Running with Spring Boot v2.6.4, Spring v5.3.16
2022-06-03 16:34:29,594 INFO org.springframework.boot.SpringApplication [restartedMain] No active profile set, falling back to 1 default profile: "default"
2022-06-03 16:34:29,649 INFO org.springframework.boot.logging.DeferredLog [restartedMain] Devtools property defaults active! Set 'spring.devtools.add-properties' to 'false' to disable
2022-06-03 16:34:29,649 INFO org.springframework.boot.logging.DeferredLog [restartedMain] For additional web related logging consider setting the 'logging.level.web' property to 'DEBUG'
2022-06-03 16:34:30,578 INFO org.springframework.data.repository.config.RepositoryConfigurationDelegate [restartedMain] Bootstrapping Spring Data JPA repositories in DEFAULT mode.
2022-06-03 16:34:30,681 INFO org.springframework.data.repository.config.RepositoryConfigurationDelegate [restartedMain] Finished Spring Data repository scanning in 89 ms. Found 2 JPA repository interfaces.
2022-06-03 16:34:31,553 INFO org.springframework.boot.web.embedded.tomcat.TomcatWebServer [restartedMain] Tomcat initialized with port(s): 8080 (http)
2022-06-03 16:34:31,574 INFO org.apache.juli.logging.DirectJDKLog [restartedMain] Initializing ProtocolHandler ["http-nio-8080"]
2022-06-03 16:34:31,575 INFO org.apache.juli.logging.DirectJDKLog [restartedMain] Starting service [Tomcat]
2022-06-03 16:34:31,576 INFO org.apache.juli.logging.DirectJDKLog [restartedMain] Starting Servlet engine: [Apache Tomcat/9.0.58]
2022-06-03 16:34:31,705 INFO org.apache.juli.logging.DirectJDKLog [restartedMain] Initializing Spring embedded WebApplicationContext
2022-06-03 16:34:31,706 INFO org.springframework.boot.web.servlet.context.ServletWebServerApplicationContext [restartedMain] Root WebApplicationContext: initialization completed in 2056 ms
2022-06-03 16:34:31,989 INFO org.hibernate.jpa.internal.util.LogHelper [restartedMain] HHH000204: Processing PersistenceUnitInfo [name: default]
2022-06-03 16:34:32,065 INFO org.hibernate.Version [restartedMain] HHH000412: Hibernate ORM core version 5.6.5.Final
2022-06-03 16:34:32,320 INFO org.hibernate.annotations.common.reflection.java.JavaReflectionManager [restartedMain] HCANN000001: Hibernate Commons Annotations {5.1.2.Final}
2022-06-03 16:34:32,438 INFO com.zaxxer.hikari.HikariDataSource [restartedMain] HikariPool-1 - Starting...
2022-06-03 16:34:32,443 WARN com.zaxxer.hikari.util.DriverDataSource [restartedMain] Registered driver with driverClassName=com.mysql.jdbc.Driver was not found, trying direct instantiation.
2022-06-03 16:34:32,631 INFO com.zaxxer.hikari.HikariDataSource [restartedMain] HikariPool-1 - Start completed.
2022-06-03 16:34:32,672 INFO org.hibernate.dialect.Dialect [restartedMain] HHH000400: Using dialect: org.hibernate.dialect.MySQL5Dialect
2022-06-03 16:34:33,719 INFO org.hibernate.engine.transaction.jta.platform.internal.JtaPlatformInitiator [restartedMain] HHH000490: Using JtaPlatform implementation: [org.hibernate.engine.transaction.jta.platform.internal.NoJtaPlatform]
2022-06-03 16:34:33,735 INFO org.springframework.orm.jpa.AbstractEntityManagerFactoryBean [restartedMain] Initialized JPA EntityManagerFactory for persistence unit 'default'
2022-06-03 16:34:34,104 WARN org.springframework.boot.autoconfigure.orm.jpa.JpaBaseConfiguration$JpaWebConfiguration [restartedMain] spring.jpa.open-in-view is enabled by default. Therefore, database queries may be performed during view rendering. Explicitly configure spring.jpa.open-in-view to disable this warning
2022-06-03 16:34:35,243 INFO org.springframework.boot.devtools.autoconfigure.OptionalLiveReloadServer [restartedMain] LiveReload server is running on port 35729
2022-06-03 16:34:35,272 INFO org.apache.juli.logging.DirectJDKLog [restartedMain] Starting ProtocolHandler ["http-nio-8080"]
2022-06-03 16:34:35,335 INFO org.springframework.boot.web.embedded.tomcat.TomcatWebServer [restartedMain] Tomcat started on port(s): 8080 (http) with context path ''
2022-06-03 16:34:35,344 INFO org.springframework.boot.StartupInfoLogger [restartedMain] Started EcommerceBackendApplication in 6.187 seconds (JVM running for 6.976)
2022-06-03 16:40:30,939 INFO org.apache.juli.logging.DirectJDKLog [http-nio-8080-exec-1] Initializing Spring DispatcherServlet 'dispatcherServlet'
2022-06-03 16:40:30,941 INFO org.springframework.web.servlet.FrameworkServlet [http-nio-8080-exec-1] Initializing Servlet 'dispatcherServlet'
2022-06-03 16:40:30,965 INFO org.springframework.web.servlet.FrameworkServlet [http-nio-8080-exec-1] Completed initialization in 23 ms
2022-06-03 17:28:01,219 WARN com.zaxxer.hikari.pool.HikariPool$HouseKeeper [HikariPool-1 housekeeper] HikariPool-1 - Thread starvation or clock leap detected (housekeeper delta=31m58s170ms413µs500ns).
