2022-05-21 15:31:26,693 INFO org.springframework.boot.StartupInfoLogger [restartedMain] Starting EcommerceBackendApplication using Java 17.0.1 on DESKTOP-079M7PO with PID 29744 (C:\eCommerceProject\ecommerce-application\backend-springboot\ecommerce-backend\target\classes started by 2006s in C:\eCommerceProject\ecommerce-application\backend-springboot\ecommerce-backend)
2022-05-21 15:31:26,697 DEBUG org.springframework.boot.StartupInfoLogger [restartedMain] Running with Spring Boot v2.6.4, Spring v5.3.16
2022-05-21 15:31:26,698 INFO org.springframework.boot.SpringApplication [restartedMain] No active profile set, falling back to 1 default profile: "default"
2022-05-21 15:31:26,745 INFO org.springframework.boot.logging.DeferredLog [restartedMain] Devtools property defaults active! Set 'spring.devtools.add-properties' to 'false' to disable
2022-05-21 15:31:26,745 INFO org.springframework.boot.logging.DeferredLog [restartedMain] For additional web related logging consider setting the 'logging.level.web' property to 'DEBUG'
2022-05-21 15:31:27,516 INFO org.springframework.data.repository.config.RepositoryConfigurationDelegate [restartedMain] Bootstrapping Spring Data JPA repositories in DEFAULT mode.
2022-05-21 15:31:27,594 INFO org.springframework.data.repository.config.RepositoryConfigurationDelegate [restartedMain] Finished Spring Data repository scanning in 62 ms. Found 2 JPA repository interfaces.
2022-05-21 15:31:28,314 INFO org.springframework.boot.web.embedded.tomcat.TomcatWebServer [restartedMain] Tomcat initialized with port(s): 8080 (http)
2022-05-21 15:31:28,324 INFO org.apache.juli.logging.DirectJDKLog [restartedMain] Initializing ProtocolHandler ["http-nio-8080"]
2022-05-21 15:31:28,326 INFO org.apache.juli.logging.DirectJDKLog [restartedMain] Starting service [Tomcat]
2022-05-21 15:31:28,326 INFO org.apache.juli.logging.DirectJDKLog [restartedMain] Starting Servlet engine: [Apache Tomcat/9.0.58]
2022-05-21 15:31:28,426 INFO org.apache.juli.logging.DirectJDKLog [restartedMain] Initializing Spring embedded WebApplicationContext
2022-05-21 15:31:28,428 INFO org.springframework.boot.web.servlet.context.ServletWebServerApplicationContext [restartedMain] Root WebApplicationContext: initialization completed in 1682 ms
2022-05-21 15:31:28,687 INFO org.hibernate.jpa.internal.util.LogHelper [restartedMain] HHH000204: Processing PersistenceUnitInfo [name: default]
2022-05-21 15:31:28,758 INFO org.hibernate.Version [restartedMain] HHH000412: Hibernate ORM core version 5.6.5.Final
2022-05-21 15:31:28,973 INFO org.hibernate.annotations.common.reflection.java.JavaReflectionManager [restartedMain] HCANN000001: Hibernate Commons Annotations {5.1.2.Final}
2022-05-21 15:31:29,101 INFO com.zaxxer.hikari.HikariDataSource [restartedMain] HikariPool-1 - Starting...
2022-05-21 15:31:29,106 WARN com.zaxxer.hikari.util.DriverDataSource [restartedMain] Registered driver with driverClassName=com.mysql.jdbc.Driver was not found, trying direct instantiation.
2022-05-21 15:31:29,328 INFO com.zaxxer.hikari.HikariDataSource [restartedMain] HikariPool-1 - Start completed.
2022-05-21 15:31:29,345 INFO org.hibernate.dialect.Dialect [restartedMain] HHH000400: Using dialect: org.hibernate.dialect.MySQL5Dialect
2022-05-21 15:31:30,160 INFO org.hibernate.engine.transaction.jta.platform.internal.JtaPlatformInitiator [restartedMain] HHH000490: Using JtaPlatform implementation: [org.hibernate.engine.transaction.jta.platform.internal.NoJtaPlatform]
2022-05-21 15:31:30,167 INFO org.springframework.orm.jpa.AbstractEntityManagerFactoryBean [restartedMain] Initialized JPA EntityManagerFactory for persistence unit 'default'
2022-05-21 15:31:30,494 WARN org.springframework.boot.autoconfigure.orm.jpa.JpaBaseConfiguration$JpaWebConfiguration [restartedMain] spring.jpa.open-in-view is enabled by default. Therefore, database queries may be performed during view rendering. Explicitly configure spring.jpa.open-in-view to disable this warning
2022-05-21 15:31:31,527 INFO org.springframework.boot.devtools.autoconfigure.OptionalLiveReloadServer [restartedMain] LiveReload server is running on port 35729
2022-05-21 15:31:31,549 INFO org.apache.juli.logging.DirectJDKLog [restartedMain] Starting ProtocolHandler ["http-nio-8080"]
2022-05-21 15:31:31,599 INFO org.springframework.boot.web.embedded.tomcat.TomcatWebServer [restartedMain] Tomcat started on port(s): 8080 (http) with context path ''
2022-05-21 15:31:31,610 INFO org.springframework.boot.StartupInfoLogger [restartedMain] Started EcommerceBackendApplication in 5.376 seconds (JVM running for 6.282)
2022-05-21 15:31:52,258 INFO org.apache.juli.logging.DirectJDKLog [http-nio-8080-exec-1] Initializing Spring DispatcherServlet 'dispatcherServlet'
2022-05-21 15:31:52,258 INFO org.springframework.web.servlet.FrameworkServlet [http-nio-8080-exec-1] Initializing Servlet 'dispatcherServlet'
2022-05-21 15:31:52,260 INFO org.springframework.web.servlet.FrameworkServlet [http-nio-8080-exec-1] Completed initialization in 2 ms
2022-05-21 17:34:04,915 INFO org.springframework.boot.admin.SpringApplicationAdminMXBeanRegistrar$SpringApplicationAdmin [RMI TCP Connection(127)-127.0.0.1] Application shutdown requested.
2022-05-21 17:34:05,032 INFO org.springframework.orm.jpa.AbstractEntityManagerFactoryBean [RMI TCP Connection(127)-127.0.0.1] Closing JPA EntityManagerFactory for persistence unit 'default'
2022-05-21 17:34:05,052 INFO com.zaxxer.hikari.HikariDataSource [RMI TCP Connection(127)-127.0.0.1] HikariPool-1 - Shutdown initiated...
2022-05-21 17:34:05,061 INFO com.zaxxer.hikari.HikariDataSource [RMI TCP Connection(127)-127.0.0.1] HikariPool-1 - Shutdown completed.
2022-05-21 17:34:37,029 INFO org.springframework.boot.StartupInfoLogger [restartedMain] Starting EcommerceBackendApplication using Java 17.0.1 on DESKTOP-079M7PO with PID 30700 (C:\eCommerceProject\ecommerce-application\backend-springboot\ecommerce-backend\target\classes started by 2006s in C:\eCommerceProject\ecommerce-application\backend-springboot\ecommerce-backend)
2022-05-21 17:34:37,030 DEBUG org.springframework.boot.StartupInfoLogger [restartedMain] Running with Spring Boot v2.6.4, Spring v5.3.16
2022-05-21 17:34:37,031 INFO org.springframework.boot.SpringApplication [restartedMain] No active profile set, falling back to 1 default profile: "default"
2022-05-21 17:34:37,077 INFO org.springframework.boot.logging.DeferredLog [restartedMain] Devtools property defaults active! Set 'spring.devtools.add-properties' to 'false' to disable
2022-05-21 17:34:37,077 INFO org.springframework.boot.logging.DeferredLog [restartedMain] For additional web related logging consider setting the 'logging.level.web' property to 'DEBUG'
2022-05-21 17:34:37,791 INFO org.springframework.data.repository.config.RepositoryConfigurationDelegate [restartedMain] Bootstrapping Spring Data JPA repositories in DEFAULT mode.
2022-05-21 17:34:37,850 INFO org.springframework.data.repository.config.RepositoryConfigurationDelegate [restartedMain] Finished Spring Data repository scanning in 50 ms. Found 2 JPA repository interfaces.
2022-05-21 17:34:38,518 INFO org.springframework.boot.web.embedded.tomcat.TomcatWebServer [restartedMain] Tomcat initialized with port(s): 8080 (http)
2022-05-21 17:34:38,528 INFO org.apache.juli.logging.DirectJDKLog [restartedMain] Initializing ProtocolHandler ["http-nio-8080"]
2022-05-21 17:34:38,529 INFO org.apache.juli.logging.DirectJDKLog [restartedMain] Starting service [Tomcat]
2022-05-21 17:34:38,529 INFO org.apache.juli.logging.DirectJDKLog [restartedMain] Starting Servlet engine: [Apache Tomcat/9.0.58]
2022-05-21 17:34:38,610 INFO org.apache.juli.logging.DirectJDKLog [restartedMain] Initializing Spring embedded WebApplicationContext
2022-05-21 17:34:38,611 INFO org.springframework.boot.web.servlet.context.ServletWebServerApplicationContext [restartedMain] Root WebApplicationContext: initialization completed in 1533 ms
2022-05-21 17:34:38,879 INFO org.hibernate.jpa.internal.util.LogHelper [restartedMain] HHH000204: Processing PersistenceUnitInfo [name: default]
2022-05-21 17:34:38,938 INFO org.hibernate.Version [restartedMain] HHH000412: Hibernate ORM core version 5.6.5.Final
2022-05-21 17:34:39,146 INFO org.hibernate.annotations.common.reflection.java.JavaReflectionManager [restartedMain] HCANN000001: Hibernate Commons Annotations {5.1.2.Final}
2022-05-21 17:34:39,291 INFO com.zaxxer.hikari.HikariDataSource [restartedMain] HikariPool-1 - Starting...
2022-05-21 17:34:39,296 WARN com.zaxxer.hikari.util.DriverDataSource [restartedMain] Registered driver with driverClassName=com.mysql.jdbc.Driver was not found, trying direct instantiation.
2022-05-21 17:34:39,432 INFO com.zaxxer.hikari.HikariDataSource [restartedMain] HikariPool-1 - Start completed.
2022-05-21 17:34:39,452 INFO org.hibernate.dialect.Dialect [restartedMain] HHH000400: Using dialect: org.hibernate.dialect.MySQL5Dialect
2022-05-21 17:34:40,181 INFO org.hibernate.engine.transaction.jta.platform.internal.JtaPlatformInitiator [restartedMain] HHH000490: Using JtaPlatform implementation: [org.hibernate.engine.transaction.jta.platform.internal.NoJtaPlatform]
2022-05-21 17:34:40,188 INFO org.springframework.orm.jpa.AbstractEntityManagerFactoryBean [restartedMain] Initialized JPA EntityManagerFactory for persistence unit 'default'
2022-05-21 17:34:40,514 WARN org.springframework.boot.autoconfigure.orm.jpa.JpaBaseConfiguration$JpaWebConfiguration [restartedMain] spring.jpa.open-in-view is enabled by default. Therefore, database queries may be performed during view rendering. Explicitly configure spring.jpa.open-in-view to disable this warning
2022-05-21 17:34:41,519 INFO org.springframework.boot.devtools.autoconfigure.OptionalLiveReloadServer [restartedMain] LiveReload server is running on port 35729
2022-05-21 17:34:41,542 INFO org.apache.juli.logging.DirectJDKLog [restartedMain] Starting ProtocolHandler ["http-nio-8080"]
2022-05-21 17:34:41,585 INFO org.springframework.boot.web.embedded.tomcat.TomcatWebServer [restartedMain] Tomcat started on port(s): 8080 (http) with context path ''
2022-05-21 17:34:41,594 INFO org.springframework.boot.StartupInfoLogger [restartedMain] Started EcommerceBackendApplication in 4.98 seconds (JVM running for 5.706)
2022-05-21 18:22:52,209 WARN com.zaxxer.hikari.pool.HikariPool$HouseKeeper [HikariPool-1 housekeeper] HikariPool-1 - Thread starvation or clock leap detected (housekeeper delta=17m42s220ms431µs700ns).
2022-05-21 18:37:19,856 WARN com.zaxxer.hikari.pool.HikariPool$HouseKeeper [HikariPool-1 housekeeper] HikariPool-1 - Thread starvation or clock leap detected (housekeeper delta=9m26s574ms831µs500ns).
